<?xml version="1.0" encoding="UTF-8"?>
<testsuite xmlns:xsi="http://www.w3.org/2001/XMLSchema-instance" xsi:noNamespaceSchemaLocation="https://maven.apache.org/surefire/maven-surefire-plugin/xsd/surefire-test-report.xsd" name="com.moxi.blog.elasticsearch.reposlitory.BlogRepositoryTest" time="40.422" tests="2" errors="0" skipped="0" failures="0">
  <properties>
    <property name="sun.desktop" value="windows"/>
    <property name="awt.toolkit" value="sun.awt.windows.WToolkit"/>
    <property name="file.encoding.pkg" value="sun.io"/>
    <property name="java.specification.version" value="1.8"/>
    <property name="sun.cpu.isalist" value="amd64"/>
    <property name="sun.jnu.encoding" value="GBK"/>
    <property name="java.class.path" value="D:\java-photon\mogu\mogu_blog_v2\mogu_elasticsearch\target\test-classes;D:\java-photon\mogu\mogu_blog_v2\mogu_elasticsearch\target\classes;D:\java-photon\mogu\mogu_blog_v2\mogu_xo\target\mogu_xo.jar;D:\java-photon\mogu\mogu_blog_v2\mogu_base\target\mogu_base-0.0.1-SNAPSHOT.jar;D:\java-photon\mogu\mogu_blog_v2\mogu_config\target\mogu_config-0.0.1-SNAPSHOT.jar;D:\java-photon\repo\org\springframework\boot\spring-boot-starter-data-redis\2.2.2.RELEASE\spring-boot-starter-data-redis-2.2.2.RELEASE.jar;D:\java-photon\repo\org\springframework\data\spring-data-redis\2.2.3.RELEASE\spring-data-redis-2.2.3.RELEASE.jar;D:\java-photon\repo\org\springframework\data\spring-data-keyvalue\2.2.3.RELEASE\spring-data-keyvalue-2.2.3.RELEASE.jar;D:\java-photon\repo\org\springframework\spring-oxm\5.2.2.RELEASE\spring-oxm-5.2.2.RELEASE.jar;D:\java-photon\repo\io\lettuce\lettuce-core\5.2.1.RELEASE\lettuce-core-5.2.1.RELEASE.jar;D:\java-photon\repo\org\springframework\cloud\spring-cloud-starter-stream-rabbit\3.0.0.RELEASE\spring-cloud-starter-stream-rabbit-3.0.0.RELEASE.jar;D:\java-photon\repo\org\springframework\cloud\spring-cloud-stream-binder-rabbit\3.0.0.RELEASE\spring-cloud-stream-binder-rabbit-3.0.0.RELEASE.jar;D:\java-photon\repo\org\springframework\cloud\spring-cloud-stream-binder-rabbit-core\3.0.0.RELEASE\spring-cloud-stream-binder-rabbit-core-3.0.0.RELEASE.jar;D:\java-photon\repo\org\springframework\integration\spring-integration-amqp\5.2.2.RELEASE\spring-integration-amqp-5.2.2.RELEASE.jar;D:\java-photon\repo\com\rabbitmq\http-client\2.1.0.RELEASE\http-client-2.1.0.RELEASE.jar;D:\java-photon\repo\org\springframework\boot\spring-boot-starter-amqp\2.2.2.RELEASE\spring-boot-starter-amqp-2.2.2.RELEASE.jar;D:\java-photon\repo\org\springframework\amqp\spring-rabbit\2.2.2.RELEASE\spring-rabbit-2.2.2.RELEASE.jar;D:\java-photon\repo\com\rabbitmq\amqp-client\5.7.3\amqp-client-5.7.3.jar;D:\java-photon\repo\org\springframework\amqp\spring-amqp\2.2.2.RELEASE\spring-amqp-2.2.2.RELEASE.jar;D:\java-photon\repo\org\springframework\integration\spring-integration-jmx\5.2.2.RELEASE\spring-integration-jmx-5.2.2.RELEASE.jar;D:\java-photon\repo\org\springframework\cloud\spring-cloud-bus\2.2.0.RELEASE\spring-cloud-bus-2.2.0.RELEASE.jar;D:\java-photon\repo\org\springframework\cloud\spring-cloud-stream\3.0.0.RELEASE\spring-cloud-stream-3.0.0.RELEASE.jar;D:\java-photon\repo\org\springframework\spring-messaging\5.2.2.RELEASE\spring-messaging-5.2.2.RELEASE.jar;D:\java-photon\repo\org\springframework\retry\spring-retry\1.2.4.RELEASE\spring-retry-1.2.4.RELEASE.jar;D:\java-photon\repo\org\springframework\cloud\spring-cloud-function-context\3.0.0.RELEASE\spring-cloud-function-context-3.0.0.RELEASE.jar;D:\java-photon\repo\org\springframework\cloud\spring-cloud-function-core\3.0.0.RELEASE\spring-cloud-function-core-3.0.0.RELEASE.jar;D:\java-photon\repo\org\springframework\integration\spring-integration-core\5.2.2.RELEASE\spring-integration-core-5.2.2.RELEASE.jar;D:\java-photon\repo\com\baomidou\mybatis-plus-boot-starter\3.1.2\mybatis-plus-boot-starter-3.1.2.jar;D:\java-photon\repo\com\baomidou\mybatis-plus\3.1.2\mybatis-plus-3.1.2.jar;D:\java-photon\repo\com\baomidou\mybatis-plus-extension\3.1.2\mybatis-plus-extension-3.1.2.jar;D:\java-photon\repo\com\baomidou\mybatis-plus-core\3.1.2\mybatis-plus-core-3.1.2.jar;D:\java-photon\repo\com\baomidou\mybatis-plus-annotation\3.1.2\mybatis-plus-annotation-3.1.2.jar;D:\java-photon\repo\com\github\jsqlparser\jsqlparser\1.2\jsqlparser-1.2.jar;D:\java-photon\repo\org\mybatis\mybatis\3.5.1\mybatis-3.5.1.jar;D:\java-photon\repo\org\mybatis\mybatis-spring\2.0.1\mybatis-spring-2.0.1.jar;D:\java-photon\repo\org\springframework\boot\spring-boot-starter-jdbc\2.2.2.RELEASE\spring-boot-starter-jdbc-2.2.2.RELEASE.jar;D:\java-photon\repo\org\springframework\spring-jdbc\5.2.2.RELEASE\spring-jdbc-5.2.2.RELEASE.jar;D:\java-photon\repo\log4j\log4j\1.2.17\log4j-1.2.17.jar;D:\java-photon\repo\mysql\mysql-connector-java\8.0.18\mysql-connector-java-8.0.18.jar;D:\java-photon\repo\com\zaxxer\HikariCP\3.4.1\HikariCP-3.4.1.jar;D:\java-photon\repo\org\springframework\boot\spring-boot-starter-security\2.2.2.RELEASE\spring-boot-starter-security-2.2.2.RELEASE.jar;D:\java-photon\repo\org\springframework\security\spring-security-config\5.2.1.RELEASE\spring-security-config-5.2.1.RELEASE.jar;D:\java-photon\repo\org\springframework\security\spring-security-core\5.2.1.RELEASE\spring-security-core-5.2.1.RELEASE.jar;D:\java-photon\repo\org\springframework\security\spring-security-web\5.2.1.RELEASE\spring-security-web-5.2.1.RELEASE.jar;D:\java-photon\repo\io\jsonwebtoken\jjwt\0.7.0\jjwt-0.7.0.jar;D:\java-photon\repo\com\alibaba\druid\1.1.8\druid-1.1.8.jar;D:\java-photon\mogu\mogu_blog_v2\mogu_utils\target\mogu_utils-0.0.1-SNAPSHOT.jar;D:\java-photon\repo\com\alibaba\fastjson\1.2.31\fastjson-1.2.31.jar;D:\java-photon\repo\org\codehaus\jackson\jackson-mapper-asl\1.9.13\jackson-mapper-asl-1.9.13.jar;D:\java-photon\repo\org\codehaus\jackson\jackson-core-asl\1.9.13\jackson-core-asl-1.9.13.jar;D:\java-photon\repo\javax\mail\mail\1.4\mail-1.4.jar;D:\java-photon\repo\javax\activation\activation\1.1\activation-1.1.jar;D:\java-photon\repo\net\sf\json-lib\json-lib\2.4\json-lib-2.4-jdk15.jar;D:\java-photon\repo\commons-beanutils\commons-beanutils\1.8.0\commons-beanutils-1.8.0.jar;D:\java-photon\repo\commons-logging\commons-logging\1.1.1\commons-logging-1.1.1.jar;D:\java-photon\repo\net\sf\ezmorph\ezmorph\1.0.6\ezmorph-1.0.6.jar;D:\java-photon\repo\com\google\code\gson\gson\2.8.6\gson-2.8.6.jar;D:\java-photon\repo\commons-codec\commons-codec\1.13\commons-codec-1.13.jar;D:\java-photon\repo\cn\hutool\hutool-all\4.6.4\hutool-all-4.6.4.jar;D:\java-photon\repo\org\springframework\boot\spring-boot-starter-web\2.2.2.RELEASE\spring-boot-starter-web-2.2.2.RELEASE.jar;D:\java-photon\repo\org\springframework\boot\spring-boot-starter\2.2.2.RELEASE\spring-boot-starter-2.2.2.RELEASE.jar;D:\java-photon\repo\org\springframework\boot\spring-boot\2.2.2.RELEASE\spring-boot-2.2.2.RELEASE.jar;D:\java-photon\repo\org\springframework\boot\spring-boot-autoconfigure\2.2.2.RELEASE\spring-boot-autoconfigure-2.2.2.RELEASE.jar;D:\java-photon\repo\org\springframework\boot\spring-boot-starter-logging\2.2.2.RELEASE\spring-boot-starter-logging-2.2.2.RELEASE.jar;D:\java-photon\repo\ch\qos\logback\logback-classic\1.2.3\logback-classic-1.2.3.jar;D:\java-photon\repo\ch\qos\logback\logback-core\1.2.3\logback-core-1.2.3.jar;D:\java-photon\repo\org\apache\logging\log4j\log4j-to-slf4j\2.12.1\log4j-to-slf4j-2.12.1.jar;D:\java-photon\repo\org\apache\logging\log4j\log4j-api\2.12.1\log4j-api-2.12.1.jar;D:\java-photon\repo\org\slf4j\jul-to-slf4j\1.7.29\jul-to-slf4j-1.7.29.jar;D:\java-photon\repo\jakarta\annotation\jakarta.annotation-api\1.3.5\jakarta.annotation-api-1.3.5.jar;D:\java-photon\repo\org\yaml\snakeyaml\1.25\snakeyaml-1.25.jar;D:\java-photon\repo\org\springframework\boot\spring-boot-starter-json\2.2.2.RELEASE\spring-boot-starter-json-2.2.2.RELEASE.jar;D:\java-photon\repo\com\fasterxml\jackson\core\jackson-databind\2.10.1\jackson-databind-2.10.1.jar;D:\java-photon\repo\com\fasterxml\jackson\core\jackson-annotations\2.10.1\jackson-annotations-2.10.1.jar;D:\java-photon\repo\com\fasterxml\jackson\datatype\jackson-datatype-jdk8\2.10.1\jackson-datatype-jdk8-2.10.1.jar;D:\java-photon\repo\com\fasterxml\jackson\datatype\jackson-datatype-jsr310\2.10.1\jackson-datatype-jsr310-2.10.1.jar;D:\java-photon\repo\com\fasterxml\jackson\module\jackson-module-parameter-names\2.10.1\jackson-module-parameter-names-2.10.1.jar;D:\java-photon\repo\org\springframework\boot\spring-boot-starter-tomcat\2.2.2.RELEASE\spring-boot-starter-tomcat-2.2.2.RELEASE.jar;D:\java-photon\repo\org\apache\tomcat\embed\tomcat-embed-core\9.0.29\tomcat-embed-core-9.0.29.jar;D:\java-photon\repo\org\apache\tomcat\embed\tomcat-embed-el\9.0.29\tomcat-embed-el-9.0.29.jar;D:\java-photon\repo\org\apache\tomcat\embed\tomcat-embed-websocket\9.0.29\tomcat-embed-websocket-9.0.29.jar;D:\java-photon\repo\org\springframework\boot\spring-boot-starter-validation\2.2.2.RELEASE\spring-boot-starter-validation-2.2.2.RELEASE.jar;D:\java-photon\repo\jakarta\validation\jakarta.validation-api\2.0.1\jakarta.validation-api-2.0.1.jar;D:\java-photon\repo\org\hibernate\validator\hibernate-validator\6.0.18.Final\hibernate-validator-6.0.18.Final.jar;D:\java-photon\repo\org\jboss\logging\jboss-logging\3.4.1.Final\jboss-logging-3.4.1.Final.jar;D:\java-photon\repo\com\fasterxml\classmate\1.5.1\classmate-1.5.1.jar;D:\java-photon\repo\org\springframework\spring-web\5.2.2.RELEASE\spring-web-5.2.2.RELEASE.jar;D:\java-photon\repo\org\springframework\spring-beans\5.2.2.RELEASE\spring-beans-5.2.2.RELEASE.jar;D:\java-photon\repo\org\springframework\spring-webmvc\5.2.2.RELEASE\spring-webmvc-5.2.2.RELEASE.jar;D:\java-photon\repo\org\springframework\spring-aop\5.2.2.RELEASE\spring-aop-5.2.2.RELEASE.jar;D:\java-photon\repo\org\springframework\spring-context\5.2.2.RELEASE\spring-context-5.2.2.RELEASE.jar;D:\java-photon\repo\org\springframework\spring-expression\5.2.2.RELEASE\spring-expression-5.2.2.RELEASE.jar;D:\java-photon\repo\org\springframework\cloud\spring-cloud-starter-netflix-eureka-server\2.2.0.RELEASE\spring-cloud-starter-netflix-eureka-server-2.2.0.RELEASE.jar;D:\java-photon\repo\org\springframework\cloud\spring-cloud-starter\2.2.0.RELEASE\spring-cloud-starter-2.2.0.RELEASE.jar;D:\java-photon\repo\org\springframework\cloud\spring-cloud-context\2.2.0.RELEASE\spring-cloud-context-2.2.0.RELEASE.jar;D:\java-photon\repo\org\springframework\security\spring-security-rsa\1.0.7.RELEASE\spring-security-rsa-1.0.7.RELEASE.jar;D:\java-photon\repo\org\bouncycastle\bcpkix-jdk15on\1.60\bcpkix-jdk15on-1.60.jar;D:\java-photon\repo\org\bouncycastle\bcprov-jdk15on\1.60\bcprov-jdk15on-1.60.jar;D:\java-photon\repo\org\springframework\cloud\spring-cloud-netflix-eureka-server\2.2.0.RELEASE\spring-cloud-netflix-eureka-server-2.2.0.RELEASE.jar;D:\java-photon\repo\org\springframework\boot\spring-boot-starter-actuator\2.2.2.RELEASE\spring-boot-starter-actuator-2.2.2.RELEASE.jar;D:\java-photon\repo\org\springframework\boot\spring-boot-actuator-autoconfigure\2.2.2.RELEASE\spring-boot-actuator-autoconfigure-2.2.2.RELEASE.jar;D:\java-photon\repo\org\springframework\boot\spring-boot-actuator\2.2.2.RELEASE\spring-boot-actuator-2.2.2.RELEASE.jar;D:\java-photon\repo\io\micrometer\micrometer-core\1.3.1\micrometer-core-1.3.1.jar;D:\java-photon\repo\org\latencyutils\LatencyUtils\2.0.3\LatencyUtils-2.0.3.jar;D:\java-photon\repo\org\springframework\boot\spring-boot-starter-freemarker\2.2.2.RELEASE\spring-boot-starter-freemarker-2.2.2.RELEASE.jar;D:\java-photon\repo\org\freemarker\freemarker\2.3.29\freemarker-2.3.29.jar;D:\java-photon\repo\org\springframework\spring-context-support\5.2.2.RELEASE\spring-context-support-5.2.2.RELEASE.jar;D:\java-photon\repo\org\springframework\cloud\spring-cloud-netflix-hystrix\2.2.0.RELEASE\spring-cloud-netflix-hystrix-2.2.0.RELEASE.jar;D:\java-photon\repo\org\springframework\cloud\spring-cloud-netflix-eureka-client\2.2.0.RELEASE\spring-cloud-netflix-eureka-client-2.2.0.RELEASE.jar;D:\java-photon\repo\com\netflix\eureka\eureka-client\1.9.13\eureka-client-1.9.13.jar;D:\java-photon\repo\org\codehaus\jettison\jettison\1.3.7\jettison-1.3.7.jar;D:\java-photon\repo\stax\stax-api\1.0.1\stax-api-1.0.1.jar;D:\java-photon\repo\com\netflix\netflix-commons\netflix-eventbus\0.3.0\netflix-eventbus-0.3.0.jar;D:\java-photon\repo\com\netflix\netflix-commons\netflix-infix\0.3.0\netflix-infix-0.3.0.jar;D:\java-photon\repo\commons-jxpath\commons-jxpath\1.3\commons-jxpath-1.3.jar;D:\java-photon\repo\org\antlr\antlr-runtime\3.4\antlr-runtime-3.4.jar;D:\java-photon\repo\org\antlr\stringtemplate\3.2.1\stringtemplate-3.2.1.jar;D:\java-photon\repo\antlr\antlr\2.7.7\antlr-2.7.7.jar;D:\java-photon\repo\org\apache\commons\commons-math\2.2\commons-math-2.2.jar;D:\java-photon\repo\javax\ws\rs\jsr311-api\1.1.1\jsr311-api-1.1.1.jar;D:\java-photon\repo\com\netflix\servo\servo-core\0.12.21\servo-core-0.12.21.jar;D:\java-photon\repo\com\sun\jersey\jersey-core\1.19.1\jersey-core-1.19.1.jar;D:\java-photon\repo\com\sun\jersey\contribs\jersey-apache-client4\1.19.1\jersey-apache-client4-1.19.1.jar;D:\java-photon\repo\org\apache\httpcomponents\httpclient\4.5.10\httpclient-4.5.10.jar;D:\java-photon\repo\org\apache\httpcomponents\httpcore\4.4.12\httpcore-4.4.12.jar;D:\java-photon\repo\com\google\inject\guice\4.1.0\guice-4.1.0.jar;D:\java-photon\repo\aopalliance\aopalliance\1.0\aopalliance-1.0.jar;D:\java-photon\repo\com\sun\jersey\jersey-servlet\1.19.1\jersey-servlet-1.19.1.jar;D:\java-photon\repo\com\sun\jersey\jersey-server\1.19.1\jersey-server-1.19.1.jar;D:\java-photon\repo\com\sun\jersey\jersey-client\1.19.1\jersey-client-1.19.1.jar;D:\java-photon\repo\com\netflix\eureka\eureka-core\1.9.13\eureka-core-1.9.13.jar;D:\java-photon\repo\com\fasterxml\woodstox\woodstox-core\5.2.1\woodstox-core-5.2.1.jar;D:\java-photon\repo\com\netflix\archaius\archaius-core\0.7.6\archaius-core-0.7.6.jar;D:\java-photon\repo\com\google\code\findbugs\jsr305\3.0.1\jsr305-3.0.1.jar;D:\java-photon\repo\com\google\guava\guava\16.0\guava-16.0.jar;D:\java-photon\repo\javax\inject\javax.inject\1\javax.inject-1.jar;D:\java-photon\repo\com\fasterxml\jackson\dataformat\jackson-dataformat-xml\2.10.1\jackson-dataformat-xml-2.10.1.jar;D:\java-photon\repo\com\fasterxml\jackson\module\jackson-module-jaxb-annotations\2.10.1\jackson-module-jaxb-annotations-2.10.1.jar;D:\java-photon\repo\org\codehaus\woodstox\stax2-api\4.2\stax2-api-4.2.jar;D:\java-photon\repo\com\thoughtworks\xstream\xstream\1.4.11.1\xstream-1.4.11.1.jar;D:\java-photon\repo\xmlpull\xmlpull\1.1.3.1\xmlpull-1.1.3.1.jar;D:\java-photon\repo\xpp3\xpp3_min\1.1.4c\xpp3_min-1.1.4c.jar;D:\java-photon\repo\org\springframework\cloud\spring-cloud-starter-netflix-archaius\2.2.0.RELEASE\spring-cloud-starter-netflix-archaius-2.2.0.RELEASE.jar;D:\java-photon\repo\org\springframework\cloud\spring-cloud-netflix-ribbon\2.2.0.RELEASE\spring-cloud-netflix-ribbon-2.2.0.RELEASE.jar;D:\java-photon\repo\org\springframework\cloud\spring-cloud-netflix-archaius\2.2.0.RELEASE\spring-cloud-netflix-archaius-2.2.0.RELEASE.jar;D:\java-photon\repo\commons-configuration\commons-configuration\1.8\commons-configuration-1.8.jar;D:\java-photon\repo\commons-lang\commons-lang\2.6\commons-lang-2.6.jar;D:\java-photon\repo\org\springframework\cloud\spring-cloud-starter-netflix-ribbon\2.2.0.RELEASE\spring-cloud-starter-netflix-ribbon-2.2.0.RELEASE.jar;D:\java-photon\repo\com\netflix\ribbon\ribbon\2.3.0\ribbon-2.3.0.jar;D:\java-photon\repo\com\netflix\ribbon\ribbon-transport\2.3.0\ribbon-transport-2.3.0.jar;D:\java-photon\repo\io\reactivex\rxnetty-contexts\0.4.9\rxnetty-contexts-0.4.9.jar;D:\java-photon\repo\io\reactivex\rxnetty-servo\0.4.9\rxnetty-servo-0.4.9.jar;D:\java-photon\repo\io\reactivex\rxnetty\0.4.9\rxnetty-0.4.9.jar;D:\java-photon\repo\com\netflix\ribbon\ribbon-core\2.3.0\ribbon-core-2.3.0.jar;D:\java-photon\repo\com\netflix\ribbon\ribbon-httpclient\2.3.0\ribbon-httpclient-2.3.0.jar;D:\java-photon\repo\commons-collections\commons-collections\3.2.2\commons-collections-3.2.2.jar;D:\java-photon\repo\com\netflix\netflix-commons\netflix-commons-util\0.3.0\netflix-commons-util-0.3.0.jar;D:\java-photon\repo\com\netflix\ribbon\ribbon-loadbalancer\2.3.0\ribbon-loadbalancer-2.3.0.jar;D:\java-photon\repo\com\netflix\netflix-commons\netflix-statistics\0.1.1\netflix-statistics-0.1.1.jar;D:\java-photon\repo\io\reactivex\rxjava\1.3.8\rxjava-1.3.8.jar;D:\java-photon\repo\org\springframework\cloud\spring-cloud-starter-loadbalancer\2.2.0.RELEASE\spring-cloud-starter-loadbalancer-2.2.0.RELEASE.jar;D:\java-photon\repo\org\springframework\cloud\spring-cloud-loadbalancer\2.2.0.RELEASE\spring-cloud-loadbalancer-2.2.0.RELEASE.jar;D:\java-photon\repo\io\projectreactor\reactor-core\3.3.1.RELEASE\reactor-core-3.3.1.RELEASE.jar;D:\java-photon\repo\org\reactivestreams\reactive-streams\1.0.3\reactive-streams-1.0.3.jar;D:\java-photon\repo\io\projectreactor\addons\reactor-extra\3.3.1.RELEASE\reactor-extra-3.3.1.RELEASE.jar;D:\java-photon\repo\org\springframework\boot\spring-boot-starter-cache\2.2.2.RELEASE\spring-boot-starter-cache-2.2.2.RELEASE.jar;D:\java-photon\repo\com\stoyanr\evictor\1.0.0\evictor-1.0.0.jar;D:\java-photon\repo\com\netflix\ribbon\ribbon-eureka\2.3.0\ribbon-eureka-2.3.0.jar;D:\java-photon\repo\org\slf4j\slf4j-api\1.7.29\slf4j-api-1.7.29.jar;D:\java-photon\repo\org\glassfish\jaxb\jaxb-runtime\2.3.2\jaxb-runtime-2.3.2.jar;D:\java-photon\repo\org\glassfish\jaxb\txw2\2.3.2\txw2-2.3.2.jar;D:\java-photon\repo\com\sun\istack\istack-commons-runtime\3.0.8\istack-commons-runtime-3.0.8.jar;D:\java-photon\repo\org\jvnet\staxex\stax-ex\1.8.1\stax-ex-1.8.1.jar;D:\java-photon\repo\com\sun\xml\fastinfoset\FastInfoset\1.2.16\FastInfoset-1.2.16.jar;D:\java-photon\repo\jakarta\activation\jakarta.activation-api\1.2.1\jakarta.activation-api-1.2.1.jar;D:\java-photon\repo\org\springframework\cloud\spring-cloud-starter-openfeign\2.2.0.RELEASE\spring-cloud-starter-openfeign-2.2.0.RELEASE.jar;D:\java-photon\repo\org\springframework\cloud\spring-cloud-openfeign-core\2.2.0.RELEASE\spring-cloud-openfeign-core-2.2.0.RELEASE.jar;D:\java-photon\repo\org\springframework\boot\spring-boot-starter-aop\2.2.2.RELEASE\spring-boot-starter-aop-2.2.2.RELEASE.jar;D:\java-photon\repo\org\aspectj\aspectjweaver\1.9.5\aspectjweaver-1.9.5.jar;D:\java-photon\repo\io\github\openfeign\form\feign-form-spring\3.8.0\feign-form-spring-3.8.0.jar;D:\java-photon\repo\io\github\openfeign\form\feign-form\3.8.0\feign-form-3.8.0.jar;D:\java-photon\repo\commons-fileupload\commons-fileupload\1.4\commons-fileupload-1.4.jar;D:\java-photon\repo\commons-io\commons-io\2.2\commons-io-2.2.jar;D:\java-photon\repo\org\springframework\cloud\spring-cloud-commons\2.2.0.RELEASE\spring-cloud-commons-2.2.0.RELEASE.jar;D:\java-photon\repo\org\springframework\security\spring-security-crypto\5.2.1.RELEASE\spring-security-crypto-5.2.1.RELEASE.jar;D:\java-photon\repo\io\github\openfeign\feign-core\10.4.0\feign-core-10.4.0.jar;D:\java-photon\repo\io\github\openfeign\feign-slf4j\10.4.0\feign-slf4j-10.4.0.jar;D:\java-photon\repo\io\github\openfeign\feign-hystrix\10.4.0\feign-hystrix-10.4.0.jar;D:\java-photon\repo\com\netflix\hystrix\hystrix-core\1.5.18\hystrix-core-1.5.18.jar;D:\java-photon\repo\org\hdrhistogram\HdrHistogram\2.1.9\HdrHistogram-2.1.9.jar;D:\java-photon\repo\org\springframework\boot\spring-boot-starter-data-elasticsearch\2.2.2.RELEASE\spring-boot-starter-data-elasticsearch-2.2.2.RELEASE.jar;D:\java-photon\repo\org\springframework\data\spring-data-elasticsearch\3.2.3.RELEASE\spring-data-elasticsearch-3.2.3.RELEASE.jar;D:\java-photon\repo\org\springframework\spring-tx\5.2.2.RELEASE\spring-tx-5.2.2.RELEASE.jar;D:\java-photon\repo\org\springframework\data\spring-data-commons\2.2.3.RELEASE\spring-data-commons-2.2.3.RELEASE.jar;D:\java-photon\repo\joda-time\joda-time\2.10.5\joda-time-2.10.5.jar;D:\java-photon\repo\org\elasticsearch\client\transport\6.8.5\transport-6.8.5.jar;D:\java-photon\repo\org\elasticsearch\elasticsearch\6.8.5\elasticsearch-6.8.5.jar;D:\java-photon\repo\org\elasticsearch\elasticsearch-core\6.8.5\elasticsearch-core-6.8.5.jar;D:\java-photon\repo\org\elasticsearch\elasticsearch-secure-sm\6.8.5\elasticsearch-secure-sm-6.8.5.jar;D:\java-photon\repo\org\elasticsearch\elasticsearch-x-content\6.8.5\elasticsearch-x-content-6.8.5.jar;D:\java-photon\repo\com\fasterxml\jackson\dataformat\jackson-dataformat-smile\2.10.1\jackson-dataformat-smile-2.10.1.jar;D:\java-photon\repo\com\fasterxml\jackson\dataformat\jackson-dataformat-yaml\2.10.1\jackson-dataformat-yaml-2.10.1.jar;D:\java-photon\repo\com\fasterxml\jackson\dataformat\jackson-dataformat-cbor\2.10.1\jackson-dataformat-cbor-2.10.1.jar;D:\java-photon\repo\org\apache\lucene\lucene-core\7.7.2\lucene-core-7.7.2.jar;D:\java-photon\repo\org\apache\lucene\lucene-analyzers-common\7.7.2\lucene-analyzers-common-7.7.2.jar;D:\java-photon\repo\org\apache\lucene\lucene-backward-codecs\7.7.2\lucene-backward-codecs-7.7.2.jar;D:\java-photon\repo\org\apache\lucene\lucene-grouping\7.7.2\lucene-grouping-7.7.2.jar;D:\java-photon\repo\org\apache\lucene\lucene-highlighter\7.7.2\lucene-highlighter-7.7.2.jar;D:\java-photon\repo\org\apache\lucene\lucene-join\7.7.2\lucene-join-7.7.2.jar;D:\java-photon\repo\org\apache\lucene\lucene-memory\7.7.2\lucene-memory-7.7.2.jar;D:\java-photon\repo\org\apache\lucene\lucene-misc\7.7.2\lucene-misc-7.7.2.jar;D:\java-photon\repo\org\apache\lucene\lucene-queries\7.7.2\lucene-queries-7.7.2.jar;D:\java-photon\repo\org\apache\lucene\lucene-queryparser\7.7.2\lucene-queryparser-7.7.2.jar;D:\java-photon\repo\org\apache\lucene\lucene-sandbox\7.7.2\lucene-sandbox-7.7.2.jar;D:\java-photon\repo\org\apache\lucene\lucene-spatial\7.7.2\lucene-spatial-7.7.2.jar;D:\java-photon\repo\org\apache\lucene\lucene-spatial-extras\7.7.2\lucene-spatial-extras-7.7.2.jar;D:\java-photon\repo\org\apache\lucene\lucene-spatial3d\7.7.2\lucene-spatial3d-7.7.2.jar;D:\java-photon\repo\org\apache\lucene\lucene-suggest\7.7.2\lucene-suggest-7.7.2.jar;D:\java-photon\repo\org\elasticsearch\elasticsearch-cli\6.8.5\elasticsearch-cli-6.8.5.jar;D:\java-photon\repo\net\sf\jopt-simple\jopt-simple\5.0.2\jopt-simple-5.0.2.jar;D:\java-photon\repo\com\carrotsearch\hppc\0.7.1\hppc-0.7.1.jar;D:\java-photon\repo\com\tdunning\t-digest\3.2\t-digest-3.2.jar;D:\java-photon\repo\org\elasticsearch\jna\4.5.1\jna-4.5.1.jar;D:\java-photon\repo\org\elasticsearch\plugin\reindex-client\6.8.5\reindex-client-6.8.5.jar;D:\java-photon\repo\org\elasticsearch\elasticsearch-ssl-config\6.8.5\elasticsearch-ssl-config-6.8.5.jar;D:\java-photon\repo\org\elasticsearch\plugin\lang-mustache-client\6.8.5\lang-mustache-client-6.8.5.jar;D:\java-photon\repo\com\github\spullara\mustache\java\compiler\0.9.3\compiler-0.9.3.jar;D:\java-photon\repo\org\elasticsearch\plugin\percolator-client\6.8.5\percolator-client-6.8.5.jar;D:\java-photon\repo\org\elasticsearch\plugin\parent-join-client\6.8.5\parent-join-client-6.8.5.jar;D:\java-photon\repo\org\elasticsearch\plugin\rank-eval-client\6.8.5\rank-eval-client-6.8.5.jar;D:\java-photon\repo\org\elasticsearch\plugin\transport-netty4-client\6.8.5\transport-netty4-client-6.8.5.jar;D:\java-photon\repo\io\netty\netty-buffer\4.1.43.Final\netty-buffer-4.1.43.Final.jar;D:\java-photon\repo\io\netty\netty-codec\4.1.43.Final\netty-codec-4.1.43.Final.jar;D:\java-photon\repo\io\netty\netty-codec-http\4.1.43.Final\netty-codec-http-4.1.43.Final.jar;D:\java-photon\repo\io\netty\netty-common\4.1.43.Final\netty-common-4.1.43.Final.jar;D:\java-photon\repo\io\netty\netty-handler\4.1.43.Final\netty-handler-4.1.43.Final.jar;D:\java-photon\repo\io\netty\netty-resolver\4.1.43.Final\netty-resolver-4.1.43.Final.jar;D:\java-photon\repo\io\netty\netty-transport\4.1.43.Final\netty-transport-4.1.43.Final.jar;D:\java-photon\repo\org\elasticsearch\client\elasticsearch-rest-high-level-client\6.8.5\elasticsearch-rest-high-level-client-6.8.5.jar;D:\java-photon\repo\org\elasticsearch\client\elasticsearch-rest-client\6.8.5\elasticsearch-rest-client-6.8.5.jar;D:\java-photon\repo\org\apache\httpcomponents\httpasyncclient\4.1.4\httpasyncclient-4.1.4.jar;D:\java-photon\repo\org\apache\httpcomponents\httpcore-nio\4.4.12\httpcore-nio-4.4.12.jar;D:\java-photon\repo\org\elasticsearch\plugin\aggs-matrix-stats-client\6.8.5\aggs-matrix-stats-client-6.8.5.jar;D:\java-photon\repo\com\fasterxml\jackson\core\jackson-core\2.10.1\jackson-core-2.10.1.jar;D:\java-photon\repo\org\projectlombok\lombok\1.18.10\lombok-1.18.10.jar;D:\java-photon\repo\org\springframework\boot\spring-boot-starter-test\2.2.2.RELEASE\spring-boot-starter-test-2.2.2.RELEASE.jar;D:\java-photon\repo\org\springframework\boot\spring-boot-test\2.2.2.RELEASE\spring-boot-test-2.2.2.RELEASE.jar;D:\java-photon\repo\org\springframework\boot\spring-boot-test-autoconfigure\2.2.2.RELEASE\spring-boot-test-autoconfigure-2.2.2.RELEASE.jar;D:\java-photon\repo\com\jayway\jsonpath\json-path\2.4.0\json-path-2.4.0.jar;D:\java-photon\repo\net\minidev\json-smart\2.3\json-smart-2.3.jar;D:\java-photon\repo\net\minidev\accessors-smart\1.2\accessors-smart-1.2.jar;D:\java-photon\repo\org\ow2\asm\asm\5.0.4\asm-5.0.4.jar;D:\java-photon\repo\jakarta\xml\bind\jakarta.xml.bind-api\2.3.2\jakarta.xml.bind-api-2.3.2.jar;D:\java-photon\repo\org\junit\jupiter\junit-jupiter\5.5.2\junit-jupiter-5.5.2.jar;D:\java-photon\repo\org\junit\jupiter\junit-jupiter-api\5.5.2\junit-jupiter-api-5.5.2.jar;D:\java-photon\repo\org\opentest4j\opentest4j\1.2.0\opentest4j-1.2.0.jar;D:\java-photon\repo\org\junit\platform\junit-platform-commons\1.5.2\junit-platform-commons-1.5.2.jar;D:\java-photon\repo\org\junit\jupiter\junit-jupiter-params\5.5.2\junit-jupiter-params-5.5.2.jar;D:\java-photon\repo\org\junit\jupiter\junit-jupiter-engine\5.5.2\junit-jupiter-engine-5.5.2.jar;D:\java-photon\repo\org\junit\vintage\junit-vintage-engine\5.5.2\junit-vintage-engine-5.5.2.jar;D:\java-photon\repo\org\apiguardian\apiguardian-api\1.1.0\apiguardian-api-1.1.0.jar;D:\java-photon\repo\org\junit\platform\junit-platform-engine\1.5.2\junit-platform-engine-1.5.2.jar;D:\java-photon\repo\junit\junit\4.12\junit-4.12.jar;D:\java-photon\repo\org\mockito\mockito-junit-jupiter\3.1.0\mockito-junit-jupiter-3.1.0.jar;D:\java-photon\repo\org\assertj\assertj-core\3.13.2\assertj-core-3.13.2.jar;D:\java-photon\repo\org\hamcrest\hamcrest\2.1\hamcrest-2.1.jar;D:\java-photon\repo\org\mockito\mockito-core\3.1.0\mockito-core-3.1.0.jar;D:\java-photon\repo\net\bytebuddy\byte-buddy\1.10.4\byte-buddy-1.10.4.jar;D:\java-photon\repo\net\bytebuddy\byte-buddy-agent\1.10.4\byte-buddy-agent-1.10.4.jar;D:\java-photon\repo\org\objenesis\objenesis\2.6\objenesis-2.6.jar;D:\java-photon\repo\org\skyscreamer\jsonassert\1.5.0\jsonassert-1.5.0.jar;D:\java-photon\repo\com\vaadin\external\google\android-json\0.0.20131108.vaadin1\android-json-0.0.20131108.vaadin1.jar;D:\java-photon\repo\org\springframework\spring-core\5.2.2.RELEASE\spring-core-5.2.2.RELEASE.jar;D:\java-photon\repo\org\springframework\spring-jcl\5.2.2.RELEASE\spring-jcl-5.2.2.RELEASE.jar;D:\java-photon\repo\org\springframework\spring-test\5.2.2.RELEASE\spring-test-5.2.2.RELEASE.jar;D:\java-photon\repo\org\xmlunit\xmlunit-core\2.6.3\xmlunit-core-2.6.3.jar;"/>
    <property name="java.vm.vendor" value="Oracle Corporation"/>
    <property name="sun.arch.data.model" value="64"/>
    <property name="user.variant" value=""/>
    <property name="java.vendor.url" value="http://java.oracle.com/"/>
    <property name="user.timezone" value="Asia/Shanghai"/>
    <property name="java.vm.specification.version" value="1.8"/>
    <property name="os.name" value="Windows 10"/>
    <property name="user.country" value="CN"/>
    <property name="sun.java.launcher" value="SUN_STANDARD"/>
    <property name="sun.boot.library.path" value="C:\Program Files\Java\jdk1.8.0_181\jre\bin"/>
    <property name="sun.java.command" value="C:\Users\81088\AppData\Local\Temp\surefire1189519995639943190\surefirebooter6213190031554155839.jar C:\Users\81088\AppData\Local\Temp\surefire1189519995639943190 2020-01-09T20-08-40_241-jvmRun1 surefire6506360925407368804tmp surefire_07244884970857194098tmp"/>
    <property name="surefire.test.class.path" value="D:\java-photon\mogu\mogu_blog_v2\mogu_elasticsearch\target\test-classes;D:\java-photon\mogu\mogu_blog_v2\mogu_elasticsearch\target\classes;D:\java-photon\mogu\mogu_blog_v2\mogu_xo\target\mogu_xo.jar;D:\java-photon\mogu\mogu_blog_v2\mogu_base\target\mogu_base-0.0.1-SNAPSHOT.jar;D:\java-photon\mogu\mogu_blog_v2\mogu_config\target\mogu_config-0.0.1-SNAPSHOT.jar;D:\java-photon\repo\org\springframework\boot\spring-boot-starter-data-redis\2.2.2.RELEASE\spring-boot-starter-data-redis-2.2.2.RELEASE.jar;D:\java-photon\repo\org\springframework\data\spring-data-redis\2.2.3.RELEASE\spring-data-redis-2.2.3.RELEASE.jar;D:\java-photon\repo\org\springframework\data\spring-data-keyvalue\2.2.3.RELEASE\spring-data-keyvalue-2.2.3.RELEASE.jar;D:\java-photon\repo\org\springframework\spring-oxm\5.2.2.RELEASE\spring-oxm-5.2.2.RELEASE.jar;D:\java-photon\repo\io\lettuce\lettuce-core\5.2.1.RELEASE\lettuce-core-5.2.1.RELEASE.jar;D:\java-photon\repo\org\springframework\cloud\spring-cloud-starter-stream-rabbit\3.0.0.RELEASE\spring-cloud-starter-stream-rabbit-3.0.0.RELEASE.jar;D:\java-photon\repo\org\springframework\cloud\spring-cloud-stream-binder-rabbit\3.0.0.RELEASE\spring-cloud-stream-binder-rabbit-3.0.0.RELEASE.jar;D:\java-photon\repo\org\springframework\cloud\spring-cloud-stream-binder-rabbit-core\3.0.0.RELEASE\spring-cloud-stream-binder-rabbit-core-3.0.0.RELEASE.jar;D:\java-photon\repo\org\springframework\integration\spring-integration-amqp\5.2.2.RELEASE\spring-integration-amqp-5.2.2.RELEASE.jar;D:\java-photon\repo\com\rabbitmq\http-client\2.1.0.RELEASE\http-client-2.1.0.RELEASE.jar;D:\java-photon\repo\org\springframework\boot\spring-boot-starter-amqp\2.2.2.RELEASE\spring-boot-starter-amqp-2.2.2.RELEASE.jar;D:\java-photon\repo\org\springframework\amqp\spring-rabbit\2.2.2.RELEASE\spring-rabbit-2.2.2.RELEASE.jar;D:\java-photon\repo\com\rabbitmq\amqp-client\5.7.3\amqp-client-5.7.3.jar;D:\java-photon\repo\org\springframework\amqp\spring-amqp\2.2.2.RELEASE\spring-amqp-2.2.2.RELEASE.jar;D:\java-photon\repo\org\springframework\integration\spring-integration-jmx\5.2.2.RELEASE\spring-integration-jmx-5.2.2.RELEASE.jar;D:\java-photon\repo\org\springframework\cloud\spring-cloud-bus\2.2.0.RELEASE\spring-cloud-bus-2.2.0.RELEASE.jar;D:\java-photon\repo\org\springframework\cloud\spring-cloud-stream\3.0.0.RELEASE\spring-cloud-stream-3.0.0.RELEASE.jar;D:\java-photon\repo\org\springframework\spring-messaging\5.2.2.RELEASE\spring-messaging-5.2.2.RELEASE.jar;D:\java-photon\repo\org\springframework\retry\spring-retry\1.2.4.RELEASE\spring-retry-1.2.4.RELEASE.jar;D:\java-photon\repo\org\springframework\cloud\spring-cloud-function-context\3.0.0.RELEASE\spring-cloud-function-context-3.0.0.RELEASE.jar;D:\java-photon\repo\org\springframework\cloud\spring-cloud-function-core\3.0.0.RELEASE\spring-cloud-function-core-3.0.0.RELEASE.jar;D:\java-photon\repo\org\springframework\integration\spring-integration-core\5.2.2.RELEASE\spring-integration-core-5.2.2.RELEASE.jar;D:\java-photon\repo\com\baomidou\mybatis-plus-boot-starter\3.1.2\mybatis-plus-boot-starter-3.1.2.jar;D:\java-photon\repo\com\baomidou\mybatis-plus\3.1.2\mybatis-plus-3.1.2.jar;D:\java-photon\repo\com\baomidou\mybatis-plus-extension\3.1.2\mybatis-plus-extension-3.1.2.jar;D:\java-photon\repo\com\baomidou\mybatis-plus-core\3.1.2\mybatis-plus-core-3.1.2.jar;D:\java-photon\repo\com\baomidou\mybatis-plus-annotation\3.1.2\mybatis-plus-annotation-3.1.2.jar;D:\java-photon\repo\com\github\jsqlparser\jsqlparser\1.2\jsqlparser-1.2.jar;D:\java-photon\repo\org\mybatis\mybatis\3.5.1\mybatis-3.5.1.jar;D:\java-photon\repo\org\mybatis\mybatis-spring\2.0.1\mybatis-spring-2.0.1.jar;D:\java-photon\repo\org\springframework\boot\spring-boot-starter-jdbc\2.2.2.RELEASE\spring-boot-starter-jdbc-2.2.2.RELEASE.jar;D:\java-photon\repo\org\springframework\spring-jdbc\5.2.2.RELEASE\spring-jdbc-5.2.2.RELEASE.jar;D:\java-photon\repo\log4j\log4j\1.2.17\log4j-1.2.17.jar;D:\java-photon\repo\mysql\mysql-connector-java\8.0.18\mysql-connector-java-8.0.18.jar;D:\java-photon\repo\com\zaxxer\HikariCP\3.4.1\HikariCP-3.4.1.jar;D:\java-photon\repo\org\springframework\boot\spring-boot-starter-security\2.2.2.RELEASE\spring-boot-starter-security-2.2.2.RELEASE.jar;D:\java-photon\repo\org\springframework\security\spring-security-config\5.2.1.RELEASE\spring-security-config-5.2.1.RELEASE.jar;D:\java-photon\repo\org\springframework\security\spring-security-core\5.2.1.RELEASE\spring-security-core-5.2.1.RELEASE.jar;D:\java-photon\repo\org\springframework\security\spring-security-web\5.2.1.RELEASE\spring-security-web-5.2.1.RELEASE.jar;D:\java-photon\repo\io\jsonwebtoken\jjwt\0.7.0\jjwt-0.7.0.jar;D:\java-photon\repo\com\alibaba\druid\1.1.8\druid-1.1.8.jar;D:\java-photon\mogu\mogu_blog_v2\mogu_utils\target\mogu_utils-0.0.1-SNAPSHOT.jar;D:\java-photon\repo\com\alibaba\fastjson\1.2.31\fastjson-1.2.31.jar;D:\java-photon\repo\org\codehaus\jackson\jackson-mapper-asl\1.9.13\jackson-mapper-asl-1.9.13.jar;D:\java-photon\repo\org\codehaus\jackson\jackson-core-asl\1.9.13\jackson-core-asl-1.9.13.jar;D:\java-photon\repo\javax\mail\mail\1.4\mail-1.4.jar;D:\java-photon\repo\javax\activation\activation\1.1\activation-1.1.jar;D:\java-photon\repo\net\sf\json-lib\json-lib\2.4\json-lib-2.4-jdk15.jar;D:\java-photon\repo\commons-beanutils\commons-beanutils\1.8.0\commons-beanutils-1.8.0.jar;D:\java-photon\repo\commons-logging\commons-logging\1.1.1\commons-logging-1.1.1.jar;D:\java-photon\repo\net\sf\ezmorph\ezmorph\1.0.6\ezmorph-1.0.6.jar;D:\java-photon\repo\com\google\code\gson\gson\2.8.6\gson-2.8.6.jar;D:\java-photon\repo\commons-codec\commons-codec\1.13\commons-codec-1.13.jar;D:\java-photon\repo\cn\hutool\hutool-all\4.6.4\hutool-all-4.6.4.jar;D:\java-photon\repo\org\springframework\boot\spring-boot-starter-web\2.2.2.RELEASE\spring-boot-starter-web-2.2.2.RELEASE.jar;D:\java-photon\repo\org\springframework\boot\spring-boot-starter\2.2.2.RELEASE\spring-boot-starter-2.2.2.RELEASE.jar;D:\java-photon\repo\org\springframework\boot\spring-boot\2.2.2.RELEASE\spring-boot-2.2.2.RELEASE.jar;D:\java-photon\repo\org\springframework\boot\spring-boot-autoconfigure\2.2.2.RELEASE\spring-boot-autoconfigure-2.2.2.RELEASE.jar;D:\java-photon\repo\org\springframework\boot\spring-boot-starter-logging\2.2.2.RELEASE\spring-boot-starter-logging-2.2.2.RELEASE.jar;D:\java-photon\repo\ch\qos\logback\logback-classic\1.2.3\logback-classic-1.2.3.jar;D:\java-photon\repo\ch\qos\logback\logback-core\1.2.3\logback-core-1.2.3.jar;D:\java-photon\repo\org\apache\logging\log4j\log4j-to-slf4j\2.12.1\log4j-to-slf4j-2.12.1.jar;D:\java-photon\repo\org\apache\logging\log4j\log4j-api\2.12.1\log4j-api-2.12.1.jar;D:\java-photon\repo\org\slf4j\jul-to-slf4j\1.7.29\jul-to-slf4j-1.7.29.jar;D:\java-photon\repo\jakarta\annotation\jakarta.annotation-api\1.3.5\jakarta.annotation-api-1.3.5.jar;D:\java-photon\repo\org\yaml\snakeyaml\1.25\snakeyaml-1.25.jar;D:\java-photon\repo\org\springframework\boot\spring-boot-starter-json\2.2.2.RELEASE\spring-boot-starter-json-2.2.2.RELEASE.jar;D:\java-photon\repo\com\fasterxml\jackson\core\jackson-databind\2.10.1\jackson-databind-2.10.1.jar;D:\java-photon\repo\com\fasterxml\jackson\core\jackson-annotations\2.10.1\jackson-annotations-2.10.1.jar;D:\java-photon\repo\com\fasterxml\jackson\datatype\jackson-datatype-jdk8\2.10.1\jackson-datatype-jdk8-2.10.1.jar;D:\java-photon\repo\com\fasterxml\jackson\datatype\jackson-datatype-jsr310\2.10.1\jackson-datatype-jsr310-2.10.1.jar;D:\java-photon\repo\com\fasterxml\jackson\module\jackson-module-parameter-names\2.10.1\jackson-module-parameter-names-2.10.1.jar;D:\java-photon\repo\org\springframework\boot\spring-boot-starter-tomcat\2.2.2.RELEASE\spring-boot-starter-tomcat-2.2.2.RELEASE.jar;D:\java-photon\repo\org\apache\tomcat\embed\tomcat-embed-core\9.0.29\tomcat-embed-core-9.0.29.jar;D:\java-photon\repo\org\apache\tomcat\embed\tomcat-embed-el\9.0.29\tomcat-embed-el-9.0.29.jar;D:\java-photon\repo\org\apache\tomcat\embed\tomcat-embed-websocket\9.0.29\tomcat-embed-websocket-9.0.29.jar;D:\java-photon\repo\org\springframework\boot\spring-boot-starter-validation\2.2.2.RELEASE\spring-boot-starter-validation-2.2.2.RELEASE.jar;D:\java-photon\repo\jakarta\validation\jakarta.validation-api\2.0.1\jakarta.validation-api-2.0.1.jar;D:\java-photon\repo\org\hibernate\validator\hibernate-validator\6.0.18.Final\hibernate-validator-6.0.18.Final.jar;D:\java-photon\repo\org\jboss\logging\jboss-logging\3.4.1.Final\jboss-logging-3.4.1.Final.jar;D:\java-photon\repo\com\fasterxml\classmate\1.5.1\classmate-1.5.1.jar;D:\java-photon\repo\org\springframework\spring-web\5.2.2.RELEASE\spring-web-5.2.2.RELEASE.jar;D:\java-photon\repo\org\springframework\spring-beans\5.2.2.RELEASE\spring-beans-5.2.2.RELEASE.jar;D:\java-photon\repo\org\springframework\spring-webmvc\5.2.2.RELEASE\spring-webmvc-5.2.2.RELEASE.jar;D:\java-photon\repo\org\springframework\spring-aop\5.2.2.RELEASE\spring-aop-5.2.2.RELEASE.jar;D:\java-photon\repo\org\springframework\spring-context\5.2.2.RELEASE\spring-context-5.2.2.RELEASE.jar;D:\java-photon\repo\org\springframework\spring-expression\5.2.2.RELEASE\spring-expression-5.2.2.RELEASE.jar;D:\java-photon\repo\org\springframework\cloud\spring-cloud-starter-netflix-eureka-server\2.2.0.RELEASE\spring-cloud-starter-netflix-eureka-server-2.2.0.RELEASE.jar;D:\java-photon\repo\org\springframework\cloud\spring-cloud-starter\2.2.0.RELEASE\spring-cloud-starter-2.2.0.RELEASE.jar;D:\java-photon\repo\org\springframework\cloud\spring-cloud-context\2.2.0.RELEASE\spring-cloud-context-2.2.0.RELEASE.jar;D:\java-photon\repo\org\springframework\security\spring-security-rsa\1.0.7.RELEASE\spring-security-rsa-1.0.7.RELEASE.jar;D:\java-photon\repo\org\bouncycastle\bcpkix-jdk15on\1.60\bcpkix-jdk15on-1.60.jar;D:\java-photon\repo\org\bouncycastle\bcprov-jdk15on\1.60\bcprov-jdk15on-1.60.jar;D:\java-photon\repo\org\springframework\cloud\spring-cloud-netflix-eureka-server\2.2.0.RELEASE\spring-cloud-netflix-eureka-server-2.2.0.RELEASE.jar;D:\java-photon\repo\org\springframework\boot\spring-boot-starter-actuator\2.2.2.RELEASE\spring-boot-starter-actuator-2.2.2.RELEASE.jar;D:\java-photon\repo\org\springframework\boot\spring-boot-actuator-autoconfigure\2.2.2.RELEASE\spring-boot-actuator-autoconfigure-2.2.2.RELEASE.jar;D:\java-photon\repo\org\springframework\boot\spring-boot-actuator\2.2.2.RELEASE\spring-boot-actuator-2.2.2.RELEASE.jar;D:\java-photon\repo\io\micrometer\micrometer-core\1.3.1\micrometer-core-1.3.1.jar;D:\java-photon\repo\org\latencyutils\LatencyUtils\2.0.3\LatencyUtils-2.0.3.jar;D:\java-photon\repo\org\springframework\boot\spring-boot-starter-freemarker\2.2.2.RELEASE\spring-boot-starter-freemarker-2.2.2.RELEASE.jar;D:\java-photon\repo\org\freemarker\freemarker\2.3.29\freemarker-2.3.29.jar;D:\java-photon\repo\org\springframework\spring-context-support\5.2.2.RELEASE\spring-context-support-5.2.2.RELEASE.jar;D:\java-photon\repo\org\springframework\cloud\spring-cloud-netflix-hystrix\2.2.0.RELEASE\spring-cloud-netflix-hystrix-2.2.0.RELEASE.jar;D:\java-photon\repo\org\springframework\cloud\spring-cloud-netflix-eureka-client\2.2.0.RELEASE\spring-cloud-netflix-eureka-client-2.2.0.RELEASE.jar;D:\java-photon\repo\com\netflix\eureka\eureka-client\1.9.13\eureka-client-1.9.13.jar;D:\java-photon\repo\org\codehaus\jettison\jettison\1.3.7\jettison-1.3.7.jar;D:\java-photon\repo\stax\stax-api\1.0.1\stax-api-1.0.1.jar;D:\java-photon\repo\com\netflix\netflix-commons\netflix-eventbus\0.3.0\netflix-eventbus-0.3.0.jar;D:\java-photon\repo\com\netflix\netflix-commons\netflix-infix\0.3.0\netflix-infix-0.3.0.jar;D:\java-photon\repo\commons-jxpath\commons-jxpath\1.3\commons-jxpath-1.3.jar;D:\java-photon\repo\org\antlr\antlr-runtime\3.4\antlr-runtime-3.4.jar;D:\java-photon\repo\org\antlr\stringtemplate\3.2.1\stringtemplate-3.2.1.jar;D:\java-photon\repo\antlr\antlr\2.7.7\antlr-2.7.7.jar;D:\java-photon\repo\org\apache\commons\commons-math\2.2\commons-math-2.2.jar;D:\java-photon\repo\javax\ws\rs\jsr311-api\1.1.1\jsr311-api-1.1.1.jar;D:\java-photon\repo\com\netflix\servo\servo-core\0.12.21\servo-core-0.12.21.jar;D:\java-photon\repo\com\sun\jersey\jersey-core\1.19.1\jersey-core-1.19.1.jar;D:\java-photon\repo\com\sun\jersey\contribs\jersey-apache-client4\1.19.1\jersey-apache-client4-1.19.1.jar;D:\java-photon\repo\org\apache\httpcomponents\httpclient\4.5.10\httpclient-4.5.10.jar;D:\java-photon\repo\org\apache\httpcomponents\httpcore\4.4.12\httpcore-4.4.12.jar;D:\java-photon\repo\com\google\inject\guice\4.1.0\guice-4.1.0.jar;D:\java-photon\repo\aopalliance\aopalliance\1.0\aopalliance-1.0.jar;D:\java-photon\repo\com\sun\jersey\jersey-servlet\1.19.1\jersey-servlet-1.19.1.jar;D:\java-photon\repo\com\sun\jersey\jersey-server\1.19.1\jersey-server-1.19.1.jar;D:\java-photon\repo\com\sun\jersey\jersey-client\1.19.1\jersey-client-1.19.1.jar;D:\java-photon\repo\com\netflix\eureka\eureka-core\1.9.13\eureka-core-1.9.13.jar;D:\java-photon\repo\com\fasterxml\woodstox\woodstox-core\5.2.1\woodstox-core-5.2.1.jar;D:\java-photon\repo\com\netflix\archaius\archaius-core\0.7.6\archaius-core-0.7.6.jar;D:\java-photon\repo\com\google\code\findbugs\jsr305\3.0.1\jsr305-3.0.1.jar;D:\java-photon\repo\com\google\guava\guava\16.0\guava-16.0.jar;D:\java-photon\repo\javax\inject\javax.inject\1\javax.inject-1.jar;D:\java-photon\repo\com\fasterxml\jackson\dataformat\jackson-dataformat-xml\2.10.1\jackson-dataformat-xml-2.10.1.jar;D:\java-photon\repo\com\fasterxml\jackson\module\jackson-module-jaxb-annotations\2.10.1\jackson-module-jaxb-annotations-2.10.1.jar;D:\java-photon\repo\org\codehaus\woodstox\stax2-api\4.2\stax2-api-4.2.jar;D:\java-photon\repo\com\thoughtworks\xstream\xstream\1.4.11.1\xstream-1.4.11.1.jar;D:\java-photon\repo\xmlpull\xmlpull\1.1.3.1\xmlpull-1.1.3.1.jar;D:\java-photon\repo\xpp3\xpp3_min\1.1.4c\xpp3_min-1.1.4c.jar;D:\java-photon\repo\org\springframework\cloud\spring-cloud-starter-netflix-archaius\2.2.0.RELEASE\spring-cloud-starter-netflix-archaius-2.2.0.RELEASE.jar;D:\java-photon\repo\org\springframework\cloud\spring-cloud-netflix-ribbon\2.2.0.RELEASE\spring-cloud-netflix-ribbon-2.2.0.RELEASE.jar;D:\java-photon\repo\org\springframework\cloud\spring-cloud-netflix-archaius\2.2.0.RELEASE\spring-cloud-netflix-archaius-2.2.0.RELEASE.jar;D:\java-photon\repo\commons-configuration\commons-configuration\1.8\commons-configuration-1.8.jar;D:\java-photon\repo\commons-lang\commons-lang\2.6\commons-lang-2.6.jar;D:\java-photon\repo\org\springframework\cloud\spring-cloud-starter-netflix-ribbon\2.2.0.RELEASE\spring-cloud-starter-netflix-ribbon-2.2.0.RELEASE.jar;D:\java-photon\repo\com\netflix\ribbon\ribbon\2.3.0\ribbon-2.3.0.jar;D:\java-photon\repo\com\netflix\ribbon\ribbon-transport\2.3.0\ribbon-transport-2.3.0.jar;D:\java-photon\repo\io\reactivex\rxnetty-contexts\0.4.9\rxnetty-contexts-0.4.9.jar;D:\java-photon\repo\io\reactivex\rxnetty-servo\0.4.9\rxnetty-servo-0.4.9.jar;D:\java-photon\repo\io\reactivex\rxnetty\0.4.9\rxnetty-0.4.9.jar;D:\java-photon\repo\com\netflix\ribbon\ribbon-core\2.3.0\ribbon-core-2.3.0.jar;D:\java-photon\repo\com\netflix\ribbon\ribbon-httpclient\2.3.0\ribbon-httpclient-2.3.0.jar;D:\java-photon\repo\commons-collections\commons-collections\3.2.2\commons-collections-3.2.2.jar;D:\java-photon\repo\com\netflix\netflix-commons\netflix-commons-util\0.3.0\netflix-commons-util-0.3.0.jar;D:\java-photon\repo\com\netflix\ribbon\ribbon-loadbalancer\2.3.0\ribbon-loadbalancer-2.3.0.jar;D:\java-photon\repo\com\netflix\netflix-commons\netflix-statistics\0.1.1\netflix-statistics-0.1.1.jar;D:\java-photon\repo\io\reactivex\rxjava\1.3.8\rxjava-1.3.8.jar;D:\java-photon\repo\org\springframework\cloud\spring-cloud-starter-loadbalancer\2.2.0.RELEASE\spring-cloud-starter-loadbalancer-2.2.0.RELEASE.jar;D:\java-photon\repo\org\springframework\cloud\spring-cloud-loadbalancer\2.2.0.RELEASE\spring-cloud-loadbalancer-2.2.0.RELEASE.jar;D:\java-photon\repo\io\projectreactor\reactor-core\3.3.1.RELEASE\reactor-core-3.3.1.RELEASE.jar;D:\java-photon\repo\org\reactivestreams\reactive-streams\1.0.3\reactive-streams-1.0.3.jar;D:\java-photon\repo\io\projectreactor\addons\reactor-extra\3.3.1.RELEASE\reactor-extra-3.3.1.RELEASE.jar;D:\java-photon\repo\org\springframework\boot\spring-boot-starter-cache\2.2.2.RELEASE\spring-boot-starter-cache-2.2.2.RELEASE.jar;D:\java-photon\repo\com\stoyanr\evictor\1.0.0\evictor-1.0.0.jar;D:\java-photon\repo\com\netflix\ribbon\ribbon-eureka\2.3.0\ribbon-eureka-2.3.0.jar;D:\java-photon\repo\org\slf4j\slf4j-api\1.7.29\slf4j-api-1.7.29.jar;D:\java-photon\repo\org\glassfish\jaxb\jaxb-runtime\2.3.2\jaxb-runtime-2.3.2.jar;D:\java-photon\repo\org\glassfish\jaxb\txw2\2.3.2\txw2-2.3.2.jar;D:\java-photon\repo\com\sun\istack\istack-commons-runtime\3.0.8\istack-commons-runtime-3.0.8.jar;D:\java-photon\repo\org\jvnet\staxex\stax-ex\1.8.1\stax-ex-1.8.1.jar;D:\java-photon\repo\com\sun\xml\fastinfoset\FastInfoset\1.2.16\FastInfoset-1.2.16.jar;D:\java-photon\repo\jakarta\activation\jakarta.activation-api\1.2.1\jakarta.activation-api-1.2.1.jar;D:\java-photon\repo\org\springframework\cloud\spring-cloud-starter-openfeign\2.2.0.RELEASE\spring-cloud-starter-openfeign-2.2.0.RELEASE.jar;D:\java-photon\repo\org\springframework\cloud\spring-cloud-openfeign-core\2.2.0.RELEASE\spring-cloud-openfeign-core-2.2.0.RELEASE.jar;D:\java-photon\repo\org\springframework\boot\spring-boot-starter-aop\2.2.2.RELEASE\spring-boot-starter-aop-2.2.2.RELEASE.jar;D:\java-photon\repo\org\aspectj\aspectjweaver\1.9.5\aspectjweaver-1.9.5.jar;D:\java-photon\repo\io\github\openfeign\form\feign-form-spring\3.8.0\feign-form-spring-3.8.0.jar;D:\java-photon\repo\io\github\openfeign\form\feign-form\3.8.0\feign-form-3.8.0.jar;D:\java-photon\repo\commons-fileupload\commons-fileupload\1.4\commons-fileupload-1.4.jar;D:\java-photon\repo\commons-io\commons-io\2.2\commons-io-2.2.jar;D:\java-photon\repo\org\springframework\cloud\spring-cloud-commons\2.2.0.RELEASE\spring-cloud-commons-2.2.0.RELEASE.jar;D:\java-photon\repo\org\springframework\security\spring-security-crypto\5.2.1.RELEASE\spring-security-crypto-5.2.1.RELEASE.jar;D:\java-photon\repo\io\github\openfeign\feign-core\10.4.0\feign-core-10.4.0.jar;D:\java-photon\repo\io\github\openfeign\feign-slf4j\10.4.0\feign-slf4j-10.4.0.jar;D:\java-photon\repo\io\github\openfeign\feign-hystrix\10.4.0\feign-hystrix-10.4.0.jar;D:\java-photon\repo\com\netflix\hystrix\hystrix-core\1.5.18\hystrix-core-1.5.18.jar;D:\java-photon\repo\org\hdrhistogram\HdrHistogram\2.1.9\HdrHistogram-2.1.9.jar;D:\java-photon\repo\org\springframework\boot\spring-boot-starter-data-elasticsearch\2.2.2.RELEASE\spring-boot-starter-data-elasticsearch-2.2.2.RELEASE.jar;D:\java-photon\repo\org\springframework\data\spring-data-elasticsearch\3.2.3.RELEASE\spring-data-elasticsearch-3.2.3.RELEASE.jar;D:\java-photon\repo\org\springframework\spring-tx\5.2.2.RELEASE\spring-tx-5.2.2.RELEASE.jar;D:\java-photon\repo\org\springframework\data\spring-data-commons\2.2.3.RELEASE\spring-data-commons-2.2.3.RELEASE.jar;D:\java-photon\repo\joda-time\joda-time\2.10.5\joda-time-2.10.5.jar;D:\java-photon\repo\org\elasticsearch\client\transport\6.8.5\transport-6.8.5.jar;D:\java-photon\repo\org\elasticsearch\elasticsearch\6.8.5\elasticsearch-6.8.5.jar;D:\java-photon\repo\org\elasticsearch\elasticsearch-core\6.8.5\elasticsearch-core-6.8.5.jar;D:\java-photon\repo\org\elasticsearch\elasticsearch-secure-sm\6.8.5\elasticsearch-secure-sm-6.8.5.jar;D:\java-photon\repo\org\elasticsearch\elasticsearch-x-content\6.8.5\elasticsearch-x-content-6.8.5.jar;D:\java-photon\repo\com\fasterxml\jackson\dataformat\jackson-dataformat-smile\2.10.1\jackson-dataformat-smile-2.10.1.jar;D:\java-photon\repo\com\fasterxml\jackson\dataformat\jackson-dataformat-yaml\2.10.1\jackson-dataformat-yaml-2.10.1.jar;D:\java-photon\repo\com\fasterxml\jackson\dataformat\jackson-dataformat-cbor\2.10.1\jackson-dataformat-cbor-2.10.1.jar;D:\java-photon\repo\org\apache\lucene\lucene-core\7.7.2\lucene-core-7.7.2.jar;D:\java-photon\repo\org\apache\lucene\lucene-analyzers-common\7.7.2\lucene-analyzers-common-7.7.2.jar;D:\java-photon\repo\org\apache\lucene\lucene-backward-codecs\7.7.2\lucene-backward-codecs-7.7.2.jar;D:\java-photon\repo\org\apache\lucene\lucene-grouping\7.7.2\lucene-grouping-7.7.2.jar;D:\java-photon\repo\org\apache\lucene\lucene-highlighter\7.7.2\lucene-highlighter-7.7.2.jar;D:\java-photon\repo\org\apache\lucene\lucene-join\7.7.2\lucene-join-7.7.2.jar;D:\java-photon\repo\org\apache\lucene\lucene-memory\7.7.2\lucene-memory-7.7.2.jar;D:\java-photon\repo\org\apache\lucene\lucene-misc\7.7.2\lucene-misc-7.7.2.jar;D:\java-photon\repo\org\apache\lucene\lucene-queries\7.7.2\lucene-queries-7.7.2.jar;D:\java-photon\repo\org\apache\lucene\lucene-queryparser\7.7.2\lucene-queryparser-7.7.2.jar;D:\java-photon\repo\org\apache\lucene\lucene-sandbox\7.7.2\lucene-sandbox-7.7.2.jar;D:\java-photon\repo\org\apache\lucene\lucene-spatial\7.7.2\lucene-spatial-7.7.2.jar;D:\java-photon\repo\org\apache\lucene\lucene-spatial-extras\7.7.2\lucene-spatial-extras-7.7.2.jar;D:\java-photon\repo\org\apache\lucene\lucene-spatial3d\7.7.2\lucene-spatial3d-7.7.2.jar;D:\java-photon\repo\org\apache\lucene\lucene-suggest\7.7.2\lucene-suggest-7.7.2.jar;D:\java-photon\repo\org\elasticsearch\elasticsearch-cli\6.8.5\elasticsearch-cli-6.8.5.jar;D:\java-photon\repo\net\sf\jopt-simple\jopt-simple\5.0.2\jopt-simple-5.0.2.jar;D:\java-photon\repo\com\carrotsearch\hppc\0.7.1\hppc-0.7.1.jar;D:\java-photon\repo\com\tdunning\t-digest\3.2\t-digest-3.2.jar;D:\java-photon\repo\org\elasticsearch\jna\4.5.1\jna-4.5.1.jar;D:\java-photon\repo\org\elasticsearch\plugin\reindex-client\6.8.5\reindex-client-6.8.5.jar;D:\java-photon\repo\org\elasticsearch\elasticsearch-ssl-config\6.8.5\elasticsearch-ssl-config-6.8.5.jar;D:\java-photon\repo\org\elasticsearch\plugin\lang-mustache-client\6.8.5\lang-mustache-client-6.8.5.jar;D:\java-photon\repo\com\github\spullara\mustache\java\compiler\0.9.3\compiler-0.9.3.jar;D:\java-photon\repo\org\elasticsearch\plugin\percolator-client\6.8.5\percolator-client-6.8.5.jar;D:\java-photon\repo\org\elasticsearch\plugin\parent-join-client\6.8.5\parent-join-client-6.8.5.jar;D:\java-photon\repo\org\elasticsearch\plugin\rank-eval-client\6.8.5\rank-eval-client-6.8.5.jar;D:\java-photon\repo\org\elasticsearch\plugin\transport-netty4-client\6.8.5\transport-netty4-client-6.8.5.jar;D:\java-photon\repo\io\netty\netty-buffer\4.1.43.Final\netty-buffer-4.1.43.Final.jar;D:\java-photon\repo\io\netty\netty-codec\4.1.43.Final\netty-codec-4.1.43.Final.jar;D:\java-photon\repo\io\netty\netty-codec-http\4.1.43.Final\netty-codec-http-4.1.43.Final.jar;D:\java-photon\repo\io\netty\netty-common\4.1.43.Final\netty-common-4.1.43.Final.jar;D:\java-photon\repo\io\netty\netty-handler\4.1.43.Final\netty-handler-4.1.43.Final.jar;D:\java-photon\repo\io\netty\netty-resolver\4.1.43.Final\netty-resolver-4.1.43.Final.jar;D:\java-photon\repo\io\netty\netty-transport\4.1.43.Final\netty-transport-4.1.43.Final.jar;D:\java-photon\repo\org\elasticsearch\client\elasticsearch-rest-high-level-client\6.8.5\elasticsearch-rest-high-level-client-6.8.5.jar;D:\java-photon\repo\org\elasticsearch\client\elasticsearch-rest-client\6.8.5\elasticsearch-rest-client-6.8.5.jar;D:\java-photon\repo\org\apache\httpcomponents\httpasyncclient\4.1.4\httpasyncclient-4.1.4.jar;D:\java-photon\repo\org\apache\httpcomponents\httpcore-nio\4.4.12\httpcore-nio-4.4.12.jar;D:\java-photon\repo\org\elasticsearch\plugin\aggs-matrix-stats-client\6.8.5\aggs-matrix-stats-client-6.8.5.jar;D:\java-photon\repo\com\fasterxml\jackson\core\jackson-core\2.10.1\jackson-core-2.10.1.jar;D:\java-photon\repo\org\projectlombok\lombok\1.18.10\lombok-1.18.10.jar;D:\java-photon\repo\org\springframework\boot\spring-boot-starter-test\2.2.2.RELEASE\spring-boot-starter-test-2.2.2.RELEASE.jar;D:\java-photon\repo\org\springframework\boot\spring-boot-test\2.2.2.RELEASE\spring-boot-test-2.2.2.RELEASE.jar;D:\java-photon\repo\org\springframework\boot\spring-boot-test-autoconfigure\2.2.2.RELEASE\spring-boot-test-autoconfigure-2.2.2.RELEASE.jar;D:\java-photon\repo\com\jayway\jsonpath\json-path\2.4.0\json-path-2.4.0.jar;D:\java-photon\repo\net\minidev\json-smart\2.3\json-smart-2.3.jar;D:\java-photon\repo\net\minidev\accessors-smart\1.2\accessors-smart-1.2.jar;D:\java-photon\repo\org\ow2\asm\asm\5.0.4\asm-5.0.4.jar;D:\java-photon\repo\jakarta\xml\bind\jakarta.xml.bind-api\2.3.2\jakarta.xml.bind-api-2.3.2.jar;D:\java-photon\repo\org\junit\jupiter\junit-jupiter\5.5.2\junit-jupiter-5.5.2.jar;D:\java-photon\repo\org\junit\jupiter\junit-jupiter-api\5.5.2\junit-jupiter-api-5.5.2.jar;D:\java-photon\repo\org\opentest4j\opentest4j\1.2.0\opentest4j-1.2.0.jar;D:\java-photon\repo\org\junit\platform\junit-platform-commons\1.5.2\junit-platform-commons-1.5.2.jar;D:\java-photon\repo\org\junit\jupiter\junit-jupiter-params\5.5.2\junit-jupiter-params-5.5.2.jar;D:\java-photon\repo\org\junit\jupiter\junit-jupiter-engine\5.5.2\junit-jupiter-engine-5.5.2.jar;D:\java-photon\repo\org\junit\vintage\junit-vintage-engine\5.5.2\junit-vintage-engine-5.5.2.jar;D:\java-photon\repo\org\apiguardian\apiguardian-api\1.1.0\apiguardian-api-1.1.0.jar;D:\java-photon\repo\org\junit\platform\junit-platform-engine\1.5.2\junit-platform-engine-1.5.2.jar;D:\java-photon\repo\junit\junit\4.12\junit-4.12.jar;D:\java-photon\repo\org\mockito\mockito-junit-jupiter\3.1.0\mockito-junit-jupiter-3.1.0.jar;D:\java-photon\repo\org\assertj\assertj-core\3.13.2\assertj-core-3.13.2.jar;D:\java-photon\repo\org\hamcrest\hamcrest\2.1\hamcrest-2.1.jar;D:\java-photon\repo\org\mockito\mockito-core\3.1.0\mockito-core-3.1.0.jar;D:\java-photon\repo\net\bytebuddy\byte-buddy\1.10.4\byte-buddy-1.10.4.jar;D:\java-photon\repo\net\bytebuddy\byte-buddy-agent\1.10.4\byte-buddy-agent-1.10.4.jar;D:\java-photon\repo\org\objenesis\objenesis\2.6\objenesis-2.6.jar;D:\java-photon\repo\org\skyscreamer\jsonassert\1.5.0\jsonassert-1.5.0.jar;D:\java-photon\repo\com\vaadin\external\google\android-json\0.0.20131108.vaadin1\android-json-0.0.20131108.vaadin1.jar;D:\java-photon\repo\org\springframework\spring-core\5.2.2.RELEASE\spring-core-5.2.2.RELEASE.jar;D:\java-photon\repo\org\springframework\spring-jcl\5.2.2.RELEASE\spring-jcl-5.2.2.RELEASE.jar;D:\java-photon\repo\org\springframework\spring-test\5.2.2.RELEASE\spring-test-5.2.2.RELEASE.jar;D:\java-photon\repo\org\xmlunit\xmlunit-core\2.6.3\xmlunit-core-2.6.3.jar;"/>
    <property name="sun.cpu.endian" value="little"/>
    <property name="user.home" value="C:\Users\81088"/>
    <property name="user.language" value="zh"/>
    <property name="java.specification.vendor" value="Oracle Corporation"/>
    <property name="java.home" value="C:\Program Files\Java\jdk1.8.0_181\jre"/>
    <property name="basedir" value="D:\java-photon\mogu\mogu_blog_v2\mogu_elasticsearch"/>
    <property name="file.separator" value="\"/>
    <property name="line.separator" value="&#10;"/>
    <property name="java.vm.specification.vendor" value="Oracle Corporation"/>
    <property name="java.specification.name" value="Java Platform API Specification"/>
    <property name="java.awt.graphicsenv" value="sun.awt.Win32GraphicsEnvironment"/>
    <property name="surefire.real.class.path" value="C:\Users\81088\AppData\Local\Temp\surefire1189519995639943190\surefirebooter6213190031554155839.jar"/>
    <property name="sun.boot.class.path" value="C:\Program Files\Java\jdk1.8.0_181\jre\lib\resources.jar;C:\Program Files\Java\jdk1.8.0_181\jre\lib\rt.jar;C:\Program Files\Java\jdk1.8.0_181\jre\lib\sunrsasign.jar;C:\Program Files\Java\jdk1.8.0_181\jre\lib\jsse.jar;C:\Program Files\Java\jdk1.8.0_181\jre\lib\jce.jar;C:\Program Files\Java\jdk1.8.0_181\jre\lib\charsets.jar;C:\Program Files\Java\jdk1.8.0_181\jre\lib\jfr.jar;C:\Program Files\Java\jdk1.8.0_181\jre\classes"/>
    <property name="user.script" value=""/>
    <property name="sun.management.compiler" value="HotSpot 64-Bit Tiered Compilers"/>
    <property name="java.runtime.version" value="1.8.0_181-b13"/>
    <property name="user.name" value="81088"/>
    <property name="path.separator" value=";"/>
    <property name="os.version" value="10.0"/>
    <property name="java.endorsed.dirs" value="C:\Program Files\Java\jdk1.8.0_181\jre\lib\endorsed"/>
    <property name="java.runtime.name" value="Java(TM) SE Runtime Environment"/>
    <property name="file.encoding" value="GBK"/>
    <property name="java.vm.name" value="Java HotSpot(TM) 64-Bit Server VM"/>
    <property name="localRepository" value="D:\java-photon\repo"/>
    <property name="java.vendor.url.bug" value="http://bugreport.sun.com/bugreport/"/>
    <property name="java.io.tmpdir" value="C:\Users\81088\AppData\Local\Temp\"/>
    <property name="java.version" value="1.8.0_181"/>
    <property name="user.dir" value="D:\java-photon\mogu\mogu_blog_v2\mogu_elasticsearch"/>
    <property name="os.arch" value="amd64"/>
    <property name="java.vm.specification.name" value="Java Virtual Machine Specification"/>
    <property name="java.awt.printerjob" value="sun.awt.windows.WPrinterJob"/>
    <property name="sun.os.patch.level" value=""/>
    <property name="java.library.path" value="C:\Program Files\Java\jdk1.8.0_181\jre\bin;C:\WINDOWS\Sun\Java\bin;C:\WINDOWS\system32;C:\WINDOWS;C:\ProgramData\DockerDesktop\version-bin;C:\Program Files\Docker\Docker\Resources\bin;D:\Xftp6\;D:\Xshell6\;C:\Program Files\NVIDIA GPU Computing Toolkit\CUDA\v10.0\bin;C:\Program Files\NVIDIA GPU Computing Toolkit\CUDA\v10.0\libnvvp;C:\Program Files (x86)\Common Files\Oracle\Java\javapath;C:\WINDOWS\system32;C:\WINDOWS;C:\WINDOWS\System32\Wbem;C:\WINDOWS\System32\WindowsPowerShell\v1.0\;C:\Program Files (x86)\NVIDIA Corporation\PhysX\Common;C:\Program Files\dotnet\;C:\WINDOWS\System32\OpenSSH\;D:\Microsoft VS Code\bin;C:\Program Files\Java\jdk1.8.0_181\bin\;D:\java-photon\apache-maven-3.5.4-bin\apache-maven-3.5.4\\bin\;D:\Git\cmd;C:\Program Files\NVIDIA Corporation\NVIDIA NvDLISR;D:\Anaconda3\Lib;D:\nodes\;C:\WINDOWS\system32;C:\WINDOWS;C:\WINDOWS\System32\Wbem;C:\WINDOWS\System32\WindowsPowerShell\v1.0\;C:\WINDOWS\System32\OpenSSH\;D:\java-photon\mogu\RabbitMQ\erl9.3\bin;D:\Go\bin;C:\Users\81088\AppData\Local\Microsoft\WindowsApps;D:\Microsoft VS Code\bin;D:\xampp\php;C:\Users\81088\AppData\Local\GitHubDesktop\bin;C:\Users\81088\AppData\Roaming\npm;C:\Users\81088\AppData\Local\Microsoft\WindowsApps;D:\Anaconda3\Scripts;D:\Anaconda3;D:\Anaconda3\Library\bin;C:\Users\81088\go\bin;C:\Program Files\Bandizip\;."/>
    <property name="java.vm.info" value="mixed mode"/>
    <property name="java.vendor" value="Oracle Corporation"/>
    <property name="java.vm.version" value="25.181-b13"/>
    <property name="java.ext.dirs" value="C:\Program Files\Java\jdk1.8.0_181\jre\lib\ext;C:\WINDOWS\Sun\Java\lib\ext"/>
    <property name="sun.io.unicode.encoding" value="UnicodeLittle"/>
    <property name="java.class.version" value="52.0"/>
  </properties>
  <testcase name="testCreateIndex" classname="com.moxi.blog.elasticsearch.reposlitory.BlogRepositoryTest" time="0.387"/>
  <testcase name="loadData" classname="com.moxi.blog.elasticsearch.reposlitory.BlogRepositoryTest" time="3.664"/>
</testsuite>